\BOOKMARK [1][]{section.1}{\376\377\116\000\060\001\000\040\225\356\230\230\221\315\217\360}{}% 1
\BOOKMARK [2][]{subsection.1.1}{\376\377\0001\000.\0001\000\040\225\356\230\230\200\314\146\157}{section.1}% 2
\BOOKMARK [2][]{subsection.1.2}{\376\377\0001\000.\0002\000\040\225\356\230\230\211\201\154\102}{section.1}% 3
\BOOKMARK [1][]{section.2}{\376\377\116\214\060\001\000\040\225\356\230\230\122\006\147\220}{}% 4
\BOOKMARK [2][]{subsection.2.1}{\376\377\0002\000.\0001\000\040\225\356\230\230\116\000\122\006\147\220}{section.2}% 5
\BOOKMARK [2][]{subsection.2.2}{\376\377\0002\000.\0002\000\040\225\356\230\230\116\214\122\006\147\220}{section.2}% 6
\BOOKMARK [2][]{subsection.2.3}{\376\377\0002\000.\0003\000\040\225\356\230\230\116\011\122\006\147\220}{section.2}% 7
\BOOKMARK [1][]{section.3}{\376\377\116\011\060\001\000\040\152\041\127\213\120\107\213\276}{}% 8
\BOOKMARK [1][]{section.4}{\376\377\126\333\060\001\000\040\173\046\123\367\213\364\146\016}{}% 9
\BOOKMARK [1][]{section.5}{\376\377\116\224\060\001\000\040\225\356\230\230\116\000\166\204\152\041\127\213\166\204\136\372\172\313\124\214\154\102\211\343}{}% 10
\BOOKMARK [2][]{subsection.5.1}{\376\377\0005\000.\0001\000\040\000T\000O\000P\000S\000I\000S\152\041\127\213\166\204\136\372\172\313}{section.5}% 11
\BOOKMARK [2][]{subsection.5.2}{\376\377\0005\000.\0002\000\040\000T\000O\000P\000S\000I\000S\152\041\127\213\137\227\122\006}{section.5}% 12
\BOOKMARK [2][]{subsection.5.3}{\376\377\0005\000.\0003\000\040\121\163\200\124\173\227\154\325\211\304\122\031\173\227\154\325\166\204\136\224\165\050}{section.5}% 13
\BOOKMARK [3][]{subsubsection.5.3.1}{\376\377\0005\000.\0003\000.\0001\000\040\133\232\116\111\145\057\143\001\136\246\226\010\120\074}{subsection.5.3}% 14
\BOOKMARK [3][]{subsubsection.5.3.2}{\376\377\0005\000.\0003\000.\0002\000\040\220\020\134\102\165\037\142\020\230\221\176\101\230\171\226\306}{subsection.5.3}% 15
\BOOKMARK [3][]{subsubsection.5.3.3}{\376\377\0005\000.\0003\000.\0003\000\040\127\372\116\216\177\156\117\341\136\246\116\016\143\320\123\107\136\246\173\133\220\011\147\011\145\110\211\304\122\031}{subsection.5.3}% 16
\BOOKMARK [2][]{subsection.5.4}{\376\377\0005\000.\0004\000\040\152\041\127\213\154\102\211\343}{section.5}% 17
\BOOKMARK [3][]{subsubsection.5.4.1}{\376\377\0005\000.\0004\000.\0001\000\040\225\356\230\230\0001\000.\0001\166\204\154\102\211\343}{subsection.5.4}% 18
\BOOKMARK [3][]{subsubsection.5.4.2}{\376\377\0005\000.\0004\000.\0002\000\040\225\356\230\230\0001\000.\0002\166\204\154\102\211\343}{subsection.5.4}% 19
\BOOKMARK [3][]{subsubsection.5.4.3}{\376\377\0005\000.\0004\000.\0003\000\040\225\356\230\230\0001\000.\0003\166\204\154\102\211\343}{subsection.5.4}% 20
\BOOKMARK [3][]{subsubsection.5.4.4}{\376\377\0005\000.\0004\000.\0004\000\040\225\356\230\230\0001\000.\0004\166\204\154\102\211\343}{subsection.5.4}% 21
\BOOKMARK [1][]{section.6}{\376\377\121\155\060\001\000\040\225\356\230\230\116\214\166\204\152\041\127\213\166\204\136\372\172\313\124\214\154\102\211\343}{}% 22
\BOOKMARK [2][]{subsection.6.1}{\376\377\0006\000.\0001\000\040\145\160\143\156\230\204\131\004\164\006}{section.6}% 23
\BOOKMARK [3][]{subsubsection.6.1.1}{\376\377\0006\000.\0001\000.\0001\000\040\000K\000S\153\143\140\001\140\047\150\300\232\214}{subsection.6.1}% 24
\BOOKMARK [3][]{subsubsection.6.1.2}{\376\377\0006\000.\0001\000.\0002\000\040\120\205\221\314\123\366\123\330\143\142\213\276\213\241\117\116\220\032\156\344\154\342}{subsection.6.1}% 25
\BOOKMARK [2][]{subsection.6.2}{\376\377\0006\000.\0002\000\040\152\041\127\213\136\372\172\313}{section.6}% 26
\BOOKMARK [3][]{subsubsection.6.2.1}{\376\377\0006\000.\0002\000.\0001\000\040\225\356\230\230\0002\000.\0001\152\041\127\213\166\204\136\372\172\313}{subsection.6.2}% 27
\BOOKMARK [3][]{subsubsection.6.2.2}{\376\377\0006\000.\0002\000.\0002\000\040\225\356\230\230\0002\000.\0002\152\041\127\213\166\204\136\372\172\313}{subsection.6.2}% 28
\BOOKMARK [3][]{subsubsection.6.2.3}{\376\377\0006\000.\0002\000.\0003\000\040\152\041\127\213\153\213\135\356\122\006\147\220}{subsection.6.2}% 29
\BOOKMARK [2][]{subsection.6.3}{\376\377\0006\000.\0003\000\040\154\102\211\343\176\323\147\234}{section.6}% 30
\BOOKMARK [3][]{subsubsection.6.3.1}{\376\377\0006\000.\0003\000.\0001\000\040\225\356\230\230\0002\000.\0001\166\204\154\102\211\343}{subsection.6.3}% 31
\BOOKMARK [3][]{subsubsection.6.3.2}{\376\377\0006\000.\0003\000.\0002\000\040\225\356\230\230\0002\000.\0002\166\204\154\102\211\343}{subsection.6.3}% 32
\BOOKMARK [1][]{section.7}{\376\377\116\003\060\001\000\040\225\356\230\230\116\011\166\204\154\102\211\343}{}% 33
\BOOKMARK [2][]{subsection.7.1}{\376\377\0007\000.\0001\000\040\136\372\213\256\164\006\165\061}{section.7}% 34
\BOOKMARK [2][]{subsection.7.2}{\376\377\0007\000.\0002\000\040\136\372\213\256\116\000}{section.7}% 35
\BOOKMARK [2][]{subsection.7.3}{\376\377\0007\000.\0003\000\040\136\372\213\256\116\214}{section.7}% 36
\BOOKMARK [1][]{section.8}{\376\377\121\153\060\001\000\040\152\041\127\213\166\204\122\006\147\220\116\016\150\300\232\214}{}% 37
\BOOKMARK [2][]{subsection.8.1}{\376\377\0008\000.\0001\000\040\160\165\145\117\136\246\122\006\147\220}{section.8}% 38
\BOOKMARK [1][]{section.9}{\376\377\116\135\060\001\000\040\152\041\127\213\166\204\213\304\116\367}{}% 39
\BOOKMARK [2][]{subsection.9.1}{\376\377\0009\000.\0001\000\040\152\041\127\213\166\204\117\030\160\271}{section.9}% 40
\BOOKMARK [2][]{subsection.9.2}{\376\377\0009\000.\0002\000\040\152\041\127\213\166\204\177\072\160\271}{section.9}% 41
\BOOKMARK [2][]{subsection.9.3}{\376\377\0009\000.\0003\000\040\145\071\217\333\145\271\124\021}{section.9}% 42
\BOOKMARK [1][]{section*.38}{\376\377\123\302\200\003\145\207\163\056}{}% 43
\BOOKMARK [1][]{appendix.1.A}{\376\377\226\104\137\125\000\040\000A\000\040\145\207\116\366\122\027\210\150}{}% 44
\BOOKMARK [1][]{appendix.1.B}{\376\377\226\104\137\125\000\040\000B\000\040\116\343\170\001}{}% 45
