\BOOKMARK [1][]{section.1}{\376\377\116\000\060\001\000\040\225\356\230\230\221\315\217\360}{}% 1
\BOOKMARK [2][]{subsection.1.1}{\376\377\0001\000.\0001\000\040\225\356\230\230\200\314\146\157}{section.1}% 2
\BOOKMARK [2][]{subsection.1.2}{\376\377\0001\000.\0002\000\040\225\356\230\230\211\201\154\102}{section.1}% 3
\BOOKMARK [1][]{section.2}{\376\377\116\214\060\001\000\040\225\356\230\230\122\006\147\220}{}% 4
\BOOKMARK [2][]{subsection.2.1}{\376\377\0002\000.\0001\000\040\225\356\230\230\116\000\122\006\147\220}{section.2}% 5
\BOOKMARK [2][]{subsection.2.2}{\376\377\0002\000.\0002\000\040\225\356\230\230\116\214\122\006\147\220}{section.2}% 6
\BOOKMARK [2][]{subsection.2.3}{\376\377\0002\000.\0003\000\040\225\356\230\230\116\011\122\006\147\220}{section.2}% 7
\BOOKMARK [1][]{section.3}{\376\377\116\011\060\001\000\040\152\041\127\213\120\107\213\276}{}% 8
\BOOKMARK [1][]{section.4}{\376\377\126\333\060\001\000\040\173\046\123\367\213\364\146\016}{}% 9
\BOOKMARK [1][]{section.5}{\376\377\116\224\060\001\000\040\225\356\230\230\116\000\166\204\152\041\127\213\166\204\136\372\172\313\124\214\154\102\211\343}{}% 10
\BOOKMARK [2][]{subsection.5.1}{\376\377\0005\000.\0001\000\040\221\315\211\201\123\302\145\160\166\204\170\156\133\232}{section.5}% 11
\BOOKMARK [3][]{subsubsection.5.1.1}{\376\377\0005\000.\0001\000.\0001\000\040\121\340\117\125\123\302\145\160\166\204\170\156\133\232}{subsection.5.1}% 12
\BOOKMARK [3][]{subsubsection.5.1.2}{\376\377\0005\000.\0001\000.\0002\000\040\147\120\145\231\124\214\203\167\217\175\123\302\145\160\213\276\133\232}{subsection.5.1}% 13
\BOOKMARK [3][]{subsubsection.5.1.3}{\376\377\0005\000.\0001\000.\0003\000\040\137\072\136\246\123\302\145\160\213\276\133\232}{subsection.5.1}% 14
\BOOKMARK [2][]{subsection.5.2}{\376\377\0005\000.\0002\000\040\142\227\120\076\211\206\172\063\133\232\140\047\152\041\127\213\124\214\142\227\156\321\171\373\172\063\133\232\140\047\152\041\127\213\166\204\136\372\172\313}{section.5}% 15
\BOOKMARK [3][]{subsubsection.5.2.1}{\376\377\0005\000.\0002\000.\0001\000\040\116\073\122\250\127\037\060\001\210\253\122\250\127\037\123\213\122\233\166\204\213\241\173\227}{subsection.5.2}% 16
\BOOKMARK [3][]{subsubsection.5.2.2}{\376\377\0005\000.\0002\000.\0002\000\040\142\227\120\076\211\206\133\211\121\150\174\373\145\160\166\204\154\102\211\343}{subsection.5.2}% 17
\BOOKMARK [3][]{subsubsection.5.2.3}{\376\377\0005\000.\0002\000.\0003\000\040\142\227\156\321\171\373\133\211\121\150\174\373\145\160\166\204\154\102\211\343}{subsection.5.2}% 18
\BOOKMARK [2][]{subsection.5.3}{\376\377\0005\000.\0003\000\040\152\041\127\213\154\102\211\343}{section.5}% 19
\BOOKMARK [3][]{subsubsection.5.3.1}{\376\377\0005\000.\0003\000.\0001\000\040\116\343\121\145\123\302\145\160}{subsection.5.3}% 20
\BOOKMARK [3][]{subsubsection.5.3.2}{\376\377\0005\000.\0003\000.\0002\000\040\120\117\133\374\154\102\211\343}{subsection.5.3}% 21
\BOOKMARK [1][]{section.6}{\376\377\121\155\060\001\000\040\225\356\230\230\116\214\166\204\152\041\127\213\166\204\136\372\172\313\124\214\154\102\211\343}{}% 22
\BOOKMARK [2][]{subsection.6.1}{\376\377\0006\000.\0001\000\040\123\302\145\160\145\071\123\330}{section.6}% 23
\BOOKMARK [3][]{subsubsection.6.1.1}{\376\377\0006\000.\0001\000.\0001\000\040\121\340\117\125\123\302\145\160\166\204\145\260\130\236}{subsection.6.1}% 24
\BOOKMARK [3][]{subsubsection.6.1.2}{\376\377\0006\000.\0001\000.\0002\000\040\203\167\217\175\123\302\145\160\166\204\145\260\130\236}{subsection.6.1}% 25
\BOOKMARK [2][]{subsection.6.2}{\376\377\0006\000.\0002\000\040\211\304\137\213\166\204\123\330\123\026}{section.6}% 26
\BOOKMARK [2][]{subsection.6.3}{\376\377\0006\000.\0003\000\040\127\372\116\216\227\136\176\277\140\047\211\304\122\022\166\204\224\242\173\113\117\115\177\156\172\063\133\232\140\047\147\000\117\030\123\026\213\276\213\241\152\041\127\213}{section.6}% 27
\BOOKMARK [3][]{subsubsection.6.3.1}{\376\377\0006\000.\0003\000.\0001\000\040\166\356\150\007\121\375\145\160\166\204\136\372\172\313}{subsection.6.3}% 28
\BOOKMARK [3][]{subsubsection.6.3.2}{\376\377\0006\000.\0003\000.\0002\000\040\224\242\173\113\176\246\147\137\147\141\116\366\166\204\136\372\172\313}{subsection.6.3}% 29
\BOOKMARK [2][]{subsection.6.4}{\376\377\0006\000.\0004\000\040\152\041\127\213\154\102\211\343}{section.6}% 30
\BOOKMARK [1][]{section.7}{\376\377\116\003\060\001\000\040\225\356\230\230\116\011\166\204\152\041\127\213\166\204\136\372\172\313\124\214\154\102\211\343}{}% 31
\BOOKMARK [2][]{subsection.7.1}{\376\377\0007\000.\0001\000\040\127\372\116\216\227\136\176\277\140\047\211\304\122\022\166\204\154\304\154\064\133\124\117\115\177\156\123\312\145\160\221\317\172\063\133\232\140\047\147\000\117\030\123\026\213\276\213\241\152\041\127\213}{section.7}% 32
\BOOKMARK [3][]{subsubsection.7.1.1}{\376\377\0007\000.\0001\000.\0001\000\040\166\356\150\007\121\375\145\160\166\204\136\372\172\313}{subsection.7.1}% 33
\BOOKMARK [3][]{subsubsection.7.1.2}{\376\377\0007\000.\0001\000.\0002\000\040\155\156\122\233\133\371\127\037\117\123\221\315\136\246\137\161\124\315}{subsection.7.1}% 34
\BOOKMARK [3][]{subsubsection.7.1.3}{\376\377\0007\000.\0001\000.\0003\000\040\116\073\122\250\127\037\123\213\122\233\124\214\210\253\122\250\127\037\123\213\122\233\127\050\155\156\122\233\117\134\165\050\116\013\166\204\117\356\153\143}{subsection.7.1}% 35
\BOOKMARK [3][]{subsubsection.7.1.4}{\376\377\0007\000.\0001\000.\0004\000\040\154\304\154\064\133\124\134\102\145\160\213\276\133\232}{subsection.7.1}% 36
\BOOKMARK [3][]{subsubsection.7.1.5}{\376\377\0007\000.\0001\000.\0005\000\040\154\064\123\213\122\233\122\006\136\003\121\154\137\017}{subsection.7.1}% 37
\BOOKMARK [2][]{subsection.7.2}{\376\377\0007\000.\0002\000\040\152\041\127\213\154\102\211\343}{section.7}% 38
\BOOKMARK [2][]{subsection.7.3}{\376\377\0007\000.\0003\000\040\000C\000O\000B\000Y\000L\000A\000\040\173\227\154\325}{section.7}% 39
\BOOKMARK [2][]{subsection.7.4}{\376\377\0007\000.\0004\000\040\154\102\211\343\176\323\147\234}{section.7}% 40
\BOOKMARK [1][]{section.8}{\376\377\121\153\060\001\000\040\152\041\127\213\166\204\213\304\116\367}{}% 41
\BOOKMARK [2][]{subsection.8.1}{\376\377\0008\000.\0001\000\040\152\041\127\213\166\204\117\030\160\271}{section.8}% 42
\BOOKMARK [2][]{subsection.8.2}{\376\377\0008\000.\0002\000\040\152\041\127\213\166\204\177\072\160\271}{section.8}% 43
\BOOKMARK [2][]{subsection.8.3}{\376\377\0008\000.\0003\000\040\152\041\127\213\166\204\145\071\217\333\145\271\124\021}{section.8}% 44
\BOOKMARK [1][]{section*.18}{\376\377\123\302\200\003\145\207\163\056}{}% 45
\BOOKMARK [1][]{appendix.1.A}{\376\377\226\104\137\125\000\040\000A\000\040\145\207\116\366\122\027\210\150}{}% 46
\BOOKMARK [1][]{appendix.1.B}{\376\377\226\104\137\125\000\040\000B\000\040\116\343\170\001}{}% 47
